Sceneryobjects\Buildings_MC\bw_hoch_09.sco
1361799403
1361799403
-1
Sceneryobjects\Buildings_MC\bw_hoch_20.sco
1361799403
1361799403
-1
Sceneryobjects\Buildings_RUE\Haus02c.sco
1361799428
1361799428
-1
Sceneryobjects\Buildings_RUE\Haus03a.sco
1361799428
1361799428
-1
Sceneryobjects\Ruede\forest_backdrop01.sco
1210215922
1210215922
-1
Sceneryobjects\Streetobjects_RUE\neonlight_S_whip_S.sco
1361799457
1361799457
-1
Sceneryobjects\Trees_MC\tree_large_05.sco
1361799459
1361799459
-1
Sceneryobjects\Trees_MC\tree_medium_04.sco
1361799459
1361799459
-1
Sceneryobjects\Trees_MC\tree_medium_05.sco
1361799459
1361799459
-1
Splines\Daytonford\RQ_20_4_spur_15m_narrow_Sidewalk.sli
1361798682
-
-
