Sceneryobjects\Buildings_DF\Traffic_lights\whip_beam.sco
1155991120
1155991120
-1
Sceneryobjects\Buildings_MC\bw_hoch_09.sco
1361799403
1361799403
-1
Sceneryobjects\Buildings_MC\bw_hoch_16.sco
1361799403
1361799403
-1
Sceneryobjects\Daytonford\RQ_20n_to_10,5.sco
1361799017
1361799017
-1
Sceneryobjects\Daytonford\RQ_20n_w9,5_SideWide_Cross_A.sco
1361799017
1361799017
-1
Sceneryobjects\Helferlein_Objekte\Buegel2f.sco
1388142013
1388142013
-1
Sceneryobjects\Helferlein_Objekte\Buegel3f.sco
1388142013
1388142013
-1
Sceneryobjects\Helferlein_Objekte\SG_2f_FG.sco
1388142013
1388142013
-1
Sceneryobjects\Helferlein_Objekte\SG_3f_Kfz.sco
1388142013
1388142013
-1
Sceneryobjects\SMRTG Studios\LTA Road Sign\LTARSSM.sco
1330144295
1330144295
-1
Sceneryobjects\SMRTG Studios\Route Hints V3\arrow_leftA.sco
1381000007
1381000007
-1
Sceneryobjects\SMRTG Studios\Route Hints V3\arrow_upA.sco
1381000010
1381000010
-1
Sceneryobjects\Streetobjects_RUE\neonlight_M_whip_S.sco
1361799457
1361799457
-1
Sceneryobjects\Streetobjects_RUE\neonlight_S_whip_S.sco
1361799457
1361799457
-1
Sceneryobjects\Streetobjects_RUE\single_pole.sco
1361799457
1361799457
-1
Sceneryobjects\Trees_MC\tree_medium_02.sco
1361799459
1361799459
-1
Sceneryobjects\Trees_MC\tree_medium_03.sco
1361799459
1361799459
-1
Splines\Daytonford\RQ_20_4_spur_15m_narrow_Sidewalk.sli
1361798682
-
-
