Sceneryobjects\Addon_LED_Ampeln\Ampel_Kfz_Oh_1.sco
1131645519
1131645519
-1
Sceneryobjects\Buildings_DF\Traffic_lights\whip_beam.sco
1155991120
1155991120
-1
Sceneryobjects\Buildings_MC\bw_70s_01B.sco
1361799403
1361799403
-1
Sceneryobjects\Buildings_MC\bw_hoch_09.sco
1361799403
1361799403
-1
Sceneryobjects\Buildings_MC\bw_hoch_20.sco
1361799403
1361799403
-1
Sceneryobjects\Generic\bus_stop.sco
1361799431
1361799431
-1
Sceneryobjects\gg\bs01.sco
1110477050
1110477050
-1
Sceneryobjects\gg\RQ_X8_to_X11_Seeburger.sco
1152452648
1152452648
-1
Sceneryobjects\Kreuz_MC\Einm_See_Paewesiner.sco
1043313576
1043313576
-1
Sceneryobjects\SMRTG Studios\Airbitat Bus Stop\Universal LTA\smrtg_airbitat.sco
1296920131
1296920131
-1
Sceneryobjects\SMRTG Studios\Bus Stop Pole V3-New\BS Pole.sco
1352968900
1352968900
-1
Sceneryobjects\SMRTG Studios\Route Hints\arrow_leftA.sco
1350659756
1350659756
-1
Sceneryobjects\SMRTG Studios\Route Hints\arrow_rightA.sco
1350674165
1350674165
-1
Sceneryobjects\Streetobjects_RUE\neonlight_S_whip_S.sco
1361799457
1361799457
-1
Sceneryobjects\Streetobjects_RUE\single_pole.sco
1361799457
1361799457
-1
Sceneryobjects\Trees_MC\RHD_tree_large_04.sco
1361799459
1361799459
-1
Splines\ADDON_SimpleStreets\RQ_X_2spur_Altonaer_8m.sli
1047632925
-
-
Splines\Marcel\str_2spur_11m_SeeburgerStr1.sli
1361799393
-
-
Sceneryobjects\SMRTG Studios\Airbitat Bus Stop V2\smrtg_airbitat.sco
1358346459
1358346459
-1
Sceneryobjects\SMRTG Studios\Route Hints V2\arrow_leftA.sco
1358527225
1358527225
-1
Sceneryobjects\SMRTG Studios\Route Hints V2\arrow_rightA.sco
1358527221
1358527221
-1
