Sceneryobjects\Buildings_MC\park_3.sco
1361799405
1361799405
-1
Sceneryobjects\Generic\bus_stop.sco
1361799431
1361799431
-1
Sceneryobjects\gg\bs02.sco
1110477058
1110477058
-1
Sceneryobjects\gg\phousing_0401.sco
1112644106
1112644106
-1
Sceneryobjects\gg\phousing_0901.sco
1099530088
1099530088
-1
Sceneryobjects\gg\phousing_1201.sco
1110813771
1110813771
-1
Sceneryobjects\gg\RQ_X8_to_X11_Seeburger.sco
1152452648
1152452648
-1
Sceneryobjects\SMRTG Studios\Airbitat Bus Stop V2\smrtg_airbitat.sco
1358346459
1358346459
-1
Sceneryobjects\SMRTG Studios\Bus Stop Pole V4\BS Pole.sco
1363065549
1363065549
-1
Sceneryobjects\SMRTG Studios\Route Hints V3\arrow_busStop.sco
1381000008
1381000008
-1
Sceneryobjects\Streetobjects_RUE\neonlight_S_whip_S.sco
1361799457
1361799457
-1
Sceneryobjects\Trees_MC\tree_medium_06.sco
1361799459
1361799459
-1
Sceneryobjects\Trees_MC\tree_medium_08.sco
1361799459
1361799459
-1
Sceneryobjects\Trees_MC\tree_medium_09.sco
1361799459
1361799459
-1
Splines\Marcel\str_2spur_11m_SeeburgerStr1.sli
1361799393
-
-
