Sceneryobjects\Buildings_MC\bw_hoch_20.sco
1361799403
1361799403
-1
Sceneryobjects\Buildings_MC\tank_2_bp.sco
1361799406
1361799406
-1
Sceneryobjects\gg\bs02.sco
1110477058
1110477058
-1
Sceneryobjects\gg\Mcdonalds.sco
1112307725
1112307725
-1
Sceneryobjects\gg\RQ_X8_to_X11_Seeburger.sco
1152452648
1152452648
-1
Sceneryobjects\SMRTG Studios\Bus Stop Pole V3-New\BS Pole.sco
1352968900
1352968900
-1
Sceneryobjects\SMRTG Studios\Smart Bus Stop\Universal LTA\smrtg_sbs.sco
1329772231
1329772231
-1
Sceneryobjects\Streetobjects_RUE\neonlight_S_whip_S.sco
1361799457
1361799457
-1
Sceneryobjects\Trees_MC\tree_medium_04.sco
1361799459
1361799459
-1
Sceneryobjects\Trees_MC\tree_medium_05.sco
1361799459
1361799459
-1
Splines\ADDON_SimpleStreets\RQ_X_2spur_Altonaer_8m.sli
1047632925
-
-
Splines\Marcel\str_2spur_11m_SeeburgerStr1.sli
1361799393
-
-
Sceneryobjects\Generic\bus_stop.sco
1361799431
1361799431
-1
Sceneryobjects\SMRTG Studios\Route Hints V2\arrow_upA.sco
1358527216
1358527216
-1
Sceneryobjects\SMRTG Studios\Smart Bus Stop V2\smrtg_sbs.sco
1358389653
1358389653
-1
