Sceneryobjects\Addon_British-Style_Road_Markings\Road_Destination_Mark_2line.sco
1361799401
1361799401
-1
Sceneryobjects\Addon_LED_Ampeln\Ampel_Kfz_Oh_1.sco
1131645519
1131645519
-1
Sceneryobjects\Buildings_DF\Traffic_lights\whip_beam.sco
1155991120
1155991120
-1
Sceneryobjects\Buildings_MC\tank_2_bp.sco
1361799406
1361799406
-1
Sceneryobjects\Generic\bus_stop.sco
1361799431
1361799431
-1
Sceneryobjects\Generic\entrypoint_bus.sco
1361799431
1361799431
-1
Sceneryobjects\Generic\people_standing_small.sco
1361799431
1361799431
-1
Sceneryobjects\gg\phousing_0001.sco
1112307773
1112307773
-1
Sceneryobjects\HVLS Fans_RIS\HVLS Fans.sco
1253686350
1253686350
-1
Sceneryobjects\Kreuz_MC\Einm_See.sco
1043313569
1043313569
-1
Sceneryobjects\Road-hog123\Addon_British-Style_Road_Markings\Arrow_Left.sco
1219537095
1219537095
-1
Sceneryobjects\Road-hog123\Addon_British-Style_Road_Markings\Arrow_Straight.sco
1219537213
1219537213
-1
Sceneryobjects\Road-hog123\Addon_British-Style_Road_Markings\Slow.sco
1221034958
1221034958
-1
Sceneryobjects\Ruede\trees_chestnut03.sco
1210215982
1210215982
-1
Sceneryobjects\SMRTG Studios\Bus Stop Pole V4\BS Pole.sco
1363065549
1363065549
-1
Sceneryobjects\SMRTG Studios\Hillgrove Bus Int\Berth_P.sco
1298108536
1298108536
-1
Sceneryobjects\SMRTG Studios\Hillgrove Bus Int\HGBI.sco
1313498165
1313498165
-1
Sceneryobjects\SMRTG Studios\LTA Road Sign\LTARSSM.sco
1330144295
1330144295
-1
Sceneryobjects\SMRTG Studios\Route Hints V2\arrow_berth.sco
1358326941
1358326941
-1
Sceneryobjects\SMRTG Studios\Route Hints V3\arrow_busStop.sco
1381000008
1381000008
-1
Sceneryobjects\SMRTG Studios\Route Hints V3\arrow_leftA.sco
1381000007
1381000007
-1
Sceneryobjects\SMRTG Studios\Route Hints V3\arrow_rightA.sco
1381000005
1381000005
-1
Sceneryobjects\SMRTG Studios\Route Hints V3\arrow_upA.sco
1381000010
1381000010
-1
Sceneryobjects\SMRTG Studios\SMRTG Displays V3 Departures\Hillgrove Int\Display Screen.sco
1315352124
1315352124
-1
Sceneryobjects\SMRTG Studios\SMRTG Displays V3 Departures\Hillgrove Int\Display ScreenText.sco
1315352131
1315352131
-1
Sceneryobjects\SMRTG Studios\SMRTG Displays V3\Display Screen.sco
1313453702
1313453702
-1
Sceneryobjects\SMRTG Studios\SMRTG Displays V3\Display ScreenText.sco
1301808947
1301808947
-1
Sceneryobjects\Streetobjects_MC\strlt_gwg_70s_1.sco
1361799451
1361799451
-1
Sceneryobjects\Streetobjects_MC\strlt_gwg_torte_1.sco
1361799451
1361799451
-1
Sceneryobjects\Streetobjects_RUE\neonlight_S_whip_S.sco
1361799457
1361799457
-1
Sceneryobjects\Streetobjects_RUE\single_pole.sco
1361799457
1361799457
-1
Sceneryobjects\Trees_MC\Field_Grass_01.sco
1361799459
1361799459
-1
Sceneryobjects\Trees_MC\Field_Grass_02.sco
1361799459
1361799459
-1
Sceneryobjects\Trees_MC\Poppies_01.sco
1361799459
1361799459
-1
Sceneryobjects\Trees_MC\RHD_tree_medium_06.sco
1361799459
1361799459
-1
Sceneryobjects\Trees_MC\Sunflowers_01.sco
1361799459
1361799459
-1
Sceneryobjects\Trees_MC\tree_avenue_02.sco
1361799459
1361799459
-1
Sceneryobjects\Trees_MC\tree_avenue_04.sco
1361799459
1361799459
-1
Sceneryobjects\Trees_MC\tree_large_02.sco
1361799459
1361799459
-1
Sceneryobjects\Trees_MC\tree_medium_01.sco
1361799459
1361799459
-1
Sceneryobjects\Trees_MC\tree_medium_02.sco
1361799459
1361799459
-1
Sceneryobjects\Trees_MC\tree_medium_04.sco
1361799459
1361799459
-1
Sceneryobjects\Trees_MC\Wheats_01.sco
1361799460
1361799460
-1
Sceneryobjects\woodlands_city_gg2\sport03.sco
1110943758
1110943758
-1
Splines\Addon_British-Style_Road_Markings\Bus_Stop_Solid_300.sli
1361799380
-
-
Splines\Addon_British-Style_Road_Markings\Zebra_Stripe_White.sli
1361799380
-
-
Splines\Marcel\invis_human.sli
1361799393
-
-
Splines\Marcel\invis_street.sli
1361799393
-
-
Splines\Marcel\str_2spur_11m_SeeburgerStr1.sli
1361799393
-
-
Splines\Ruede\DDR_Zaun_01.sli
1230788274
-
-
Splines\Terrain Spline\50mTerrain_Spline.sli
1361799397
-
-
Splines\Terrain Spline\Terrain Spline\Terrain Spline_Other textures\Terrain-Spline_Origin_Gras\10mTerrain_Spline_Origin_Gras.sli
1157972653
-
-
Splines\Terrain Spline\Terrain Spline_Other textures\Terrain-Spline_Origin_Gras\15mTerrain_Spline_Origin_Gras.sli
1361799397
-
-
Splines\Yufa\bussteig004.sli
1077388413
-
-
Splines\Yufa\bussteig004noppl.sli
1361799399
-
-
