Sceneryobjects\Addon_LED_Ampeln\Ampel_Kfz_Oh_1.sco
1131645519
1131645519
-1
Sceneryobjects\Buildings_DF\Traffic_lights\whip_beam.sco
1155991120
1155991120
-1
Sceneryobjects\Buildings_RUE\Haus01a.sco
1361799428
1361799428
-1
Sceneryobjects\Buildings_RUE\Haus01b.sco
1361799428
1361799428
-1
Sceneryobjects\Buildings_RUE\Haus01c.sco
1361799428
1361799428
-1
Sceneryobjects\Buildings_RUE\Haus01c2.sco
1361799428
1361799428
-1
Sceneryobjects\Buildings_RUE\Haus01e.sco
1361799428
1361799428
-1
Sceneryobjects\Buildings_RUE\Haus02e.sco
1361799428
1361799428
-1
Sceneryobjects\Buildings_RUE\Haus03a.sco
1361799428
1361799428
-1
Sceneryobjects\Buildings_RUE\Haus03b.sco
1361799428
1361799428
-1
Sceneryobjects\Buildings_RUE\Haus03c.sco
1361799428
1361799428
-1
Sceneryobjects\Buildings_RUE\Haus03c2.sco
1361799428
1361799428
-1
Sceneryobjects\Buildings_RUE\Haus03e.sco
1361799428
1361799428
-1
Sceneryobjects\Generic\bus_stop.sco
1361799431
1361799431
-1
Sceneryobjects\Generic\fireworks.sco
1361799431
1361799431
-1
Sceneryobjects\Generic\people_standing_small.sco
1361799431
1361799431
-1
Sceneryobjects\gg\bs01.sco
1110477050
1110477050
-1
Sceneryobjects\gg\Mcdonalds.sco
1112307725
1112307725
-1
Sceneryobjects\gg\RQ_X8_to_X11_Seeburger.sco
1152452648
1152452648
-1
Sceneryobjects\Kreuz_MC\Einm_See.sco
1043313569
1043313569
-1
Sceneryobjects\Kreuz_MC\Einm_See_Paewesiner.sco
1043313576
1043313576
-1
Sceneryobjects\Ruede\trees_chestnut01.sco
1210216180
1210216180
-1
Sceneryobjects\Ruede\trees_chestnut02.sco
1210215982
1210215982
-1
Sceneryobjects\Ruede\trees_chestnut03.sco
1210215982
1210215982
-1
Sceneryobjects\SMRTG Studios\Airbitat Bus Stop V2\smrtg_airbitat.sco
1358346459
1358346459
-1
Sceneryobjects\SMRTG Studios\Bus Int Signboard\BIS HA.sco
1383899580
1383899580
-1
Sceneryobjects\SMRTG Studios\Bus Stop Pole V4\BS Pole.sco
1363065549
1363065549
-1
Sceneryobjects\SMRTG Studios\Bus Stop Pole\SvcNumTxt.sco
1385717291
1385717291
-1
Sceneryobjects\SMRTG Studios\LTA Road Sign\LTARSSM.sco
1330144295
1330144295
-1
Sceneryobjects\SMRTG Studios\Route Hints V3\arrow_busStop.sco
1381000008
1381000008
-1
Sceneryobjects\SMRTG Studios\Route Hints V3\arrow_leftA.sco
1381000007
1381000007
-1
Sceneryobjects\SMRTG Studios\Route Hints V3\arrow_rightA.sco
1381000005
1381000005
-1
Sceneryobjects\SMRTG Studios\Route Hints V3\arrow_upA.sco
1381000010
1381000010
-1
Sceneryobjects\Streetobjects_RUE\neonlight_S_break_S.sco
1361799457
1361799457
-1
Sceneryobjects\Streetobjects_RUE\neonlight_S_whip_S.sco
1361799457
1361799457
-1
Sceneryobjects\Streetobjects_RUE\single_pole.sco
1361799457
1361799457
-1
Sceneryobjects\Trees_MC\shrubbery_03_20.sco
1361799459
1361799459
-1
Sceneryobjects\Trees_MC\shrubbery_04_20.sco
1361799459
1361799459
-1
Sceneryobjects\Trees_MC\tree_medium_01.sco
1361799459
1361799459
-1
Sceneryobjects\Trees_MC\tree_medium_02.sco
1361799459
1361799459
-1
Sceneryobjects\Trees_MC\tree_medium_03.sco
1361799459
1361799459
-1
Sceneryobjects\Trees_MC\tree_medium_04.sco
1361799459
1361799459
-1
Sceneryobjects\Trees_MC\tree_medium_05.sco
1361799459
1361799459
-1
Sceneryobjects\Trees_MC\tree_medium_06.sco
1361799459
1361799459
-1
Sceneryobjects\Trees_MC\tree_medium_07.sco
1361799459
1361799459
-1
Sceneryobjects\Trees_MC\tree_medium_08.sco
1361799459
1361799459
-1
Sceneryobjects\Trees_MC\tree_medium_09.sco
1361799459
1361799459
-1
Sceneryobjects\Trees_MC\Tree_Small_03.sco
1361799459
1361799459
-1
Sceneryobjects\Trees_MC\Tree_Small_08.sco
1361799460
1361799460
-1
Splines\ADDON_SimpleStreets\RQ_X_2spur_Altonaer_8m.sli
1047632925
-
-
Splines\Marcel\str_2spur_11m_SeeburgerStr1.sli
1361799393
-
-
