Sceneryobjects\Addon_LED_Ampeln\Ampel_Kfz_Oh_1.sco
1131645519
1131645519
-1
Sceneryobjects\Buildings_DF\Traffic_lights\whip_beam.sco
1155991120
1155991120
-1
Sceneryobjects\Buildings_MC\bw_hoch_05.sco
1361799403
1361799403
-1
Sceneryobjects\Buildings_MC\bw_supermarkt_1.sco
1361799405
1361799405
-1
Sceneryobjects\Buildings_MC\kirche_ev_01.sco
1361799405
1361799405
-1
Sceneryobjects\Buildings_RUE\Haus01c2.sco
1361799428
1361799428
-1
Sceneryobjects\Buildings_RUE\Haus01e.sco
1361799428
1361799428
-1
Sceneryobjects\Buildings_RUE\Haus02a.sco
1361799428
1361799428
-1
Sceneryobjects\Buildings_RUE\Haus02c2.sco
1361799428
1361799428
-1
Sceneryobjects\Buildings_RUE\Haus02e.sco
1361799428
1361799428
-1
Sceneryobjects\Buildings_RUE\Haus03a.sco
1361799428
1361799428
-1
Sceneryobjects\Buildings_RUE\Haus03b.sco
1361799428
1361799428
-1
Sceneryobjects\Buildings_RUE\Haus03c2.sco
1361799428
1361799428
-1
Sceneryobjects\Buildings_RUE\Haus03e.sco
1361799428
1361799428
-1
Sceneryobjects\Generic\bus_stop.sco
1361799431
1361799431
-1
Sceneryobjects\Generic\car_park.sco
1361799431
1361799431
-1
Sceneryobjects\Generic\entrypoint_bus.sco
1361799431
1361799431
-1
Sceneryobjects\Generic\fireworks.sco
1361799431
1361799431
-1
Sceneryobjects\Generic\people_standing_small.sco
1361799431
1361799431
-1
Sceneryobjects\gg\bs02.sco
1110477058
1110477058
-1
Sceneryobjects\gg\phousing_0001.sco
1112307773
1112307773
-1
Sceneryobjects\gg\RQ_X8_to_X11_Seeburger.sco
1152452648
1152452648
-1
Sceneryobjects\Kreuz_MC\Einm_See_Paewesiner.sco
1043313576
1043313576
-1
Sceneryobjects\Kreuz_MC\Kreuz_See_Elsflether.sco
1043314099
1043314099
-1
Sceneryobjects\Ruede\trees_chestnut01.sco
1210216180
1210216180
-1
Sceneryobjects\Ruede\trees_chestnut02.sco
1210215982
1210215982
-1
Sceneryobjects\Ruede\trees_chestnut03.sco
1210215982
1210215982
-1
Sceneryobjects\SMRTG Studios\Bus Int Signboard\BIS HA.sco
1383899580
1383899580
-1
Sceneryobjects\SMRTG Studios\LTA Road Sign\LTARSSM.sco
1330144295
1330144295
-1
Sceneryobjects\SMRTG Studios\Route Hints V3\arrow_leftA.sco
1381000007
1381000007
-1
Sceneryobjects\SMRTG Studios\Route Hints V3\arrow_rightA.sco
1381000005
1381000005
-1
Sceneryobjects\SMRTG Studios\Route Hints V3\arrow_upA.sco
1381000010
1381000010
-1
Sceneryobjects\Streetobjects_MC\bollard_conc_1_norm.sco
1361799451
1361799451
-1
Sceneryobjects\Streetobjects_MC\parkbench_1.sco
1361799451
1361799451
-1
Sceneryobjects\Streetobjects_MC\strlt_gwg_RSp_1.sco
1361799451
1361799451
-1
Sceneryobjects\Streetobjects_MC\strlt_gwg_RSp_1B.sco
1361799451
1361799451
-1
Sceneryobjects\Streetobjects_RUE\neonlight_M_whip_S.sco
1361799457
1361799457
-1
Sceneryobjects\Streetobjects_RUE\neonlight_S_break_S.sco
1361799457
1361799457
-1
Sceneryobjects\Streetobjects_RUE\single_pole.sco
1361799457
1361799457
-1
Sceneryobjects\Trees_MC\tree_medium_01.sco
1361799459
1361799459
-1
Sceneryobjects\Trees_MC\tree_medium_02.sco
1361799459
1361799459
-1
Sceneryobjects\Trees_MC\tree_medium_04.sco
1361799459
1361799459
-1
Sceneryobjects\Trees_MC\tree_medium_05.sco
1361799459
1361799459
-1
Sceneryobjects\Trees_MC\tree_medium_06.sco
1361799459
1361799459
-1
Sceneryobjects\Trees_MC\tree_medium_07.sco
1361799459
1361799459
-1
Sceneryobjects\Trees_MC\tree_medium_08.sco
1361799459
1361799459
-1
Sceneryobjects\Trees_MC\tree_medium_09.sco
1361799459
1361799459
-1
Sceneryobjects\Trees_MC\Tree_Small_01.sco
1361799459
1361799459
-1
Sceneryobjects\Trees_MC\Tree_Small_02.sco
1361799459
1361799459
-1
Sceneryobjects\Trees_MC\Tree_Small_03.sco
1361799459
1361799459
-1
Sceneryobjects\Trees_MC\Tree_Small_04.sco
1361799459
1361799459
-1
Sceneryobjects\Trees_MC\Tree_Small_05.sco
1361799459
1361799459
-1
Sceneryobjects\Trees_MC\Tree_Small_06.sco
1361799459
1361799459
-1
Sceneryobjects\Trees_MC\Tree_Small_08.sco
1361799460
1361799460
-1
Sceneryobjects\Trees_MC\Tree_Small_09.sco
1361799460
1361799460
-1
Sceneryobjects\Verkehrszeichen_MC\VZ_att_vorfahrtgewahr_m_mast.sco
1361799469
1361799469
-1
Splines\Addon_British-Style_Road_Markings\Bus_Stop_Solid_300.sli
1361799380
-
-
Splines\ADDON_SimpleStreets\RQ_X_2spur_Altonaer_8m.sli
1047632925
-
-
Splines\Marcel\invis_human.sli
1361799393
-
-
Splines\Marcel\invis_street.sli
1361799393
-
-
Splines\Marcel\str_2spur_11m_SeeburgerStr1.sli
1361799393
-
-
Splines\Terrain Spline\50mTerrain_Spline LIGHT.sli
1314628941
-
-
Splines\Yufa\bussteig004.sli
1077388413
-
-
Splines\Yufa\bussteig004noppl.sli
1361799399
-
-
