Sceneryobjects\Addon_LED_Ampeln\Ampel_Kfz_Oh_1.sco
1131645519
1131645519
-1
Sceneryobjects\Buildings_DF\Traffic_lights\whip_beam.sco
1155991120
1155991120
-1
Sceneryobjects\Buildings_MC\bw_hoch_12.sco
1361799403
1361799403
-1
Sceneryobjects\Buildings_MC\bw_hoch_14.sco
1361799403
1361799403
-1
Sceneryobjects\Buildings_MC\schleusener_platz.sco
1361799406
1361799406
-1
Sceneryobjects\Generic\bus_stop.sco
1361799431
1361799431
-1
Sceneryobjects\Generic\entrypoint_bus.sco
1361799431
1361799431
-1
Sceneryobjects\Generic\people_standing_small.sco
1361799431
1361799431
-1
Sceneryobjects\gg\highway_wall.sco
1112307574
1112307574
-1
Sceneryobjects\gg\RQ_X8_to_X11_Seeburger.sco
1152452648
1152452648
-1
Sceneryobjects\Kreuz_MC\Einm_See.sco
1043313569
1043313569
-1
Sceneryobjects\Kreuz_MC\Kreuz_See_Elsflether.sco
1043314099
1043314099
-1
Sceneryobjects\Ruede\trees_chestnut03.sco
1210215982
1210215982
-1
Sceneryobjects\SMRTG Studios\Bus Stop Pole V4\BS Pole.sco
1363065549
1363065549
-1
Sceneryobjects\SMRTG Studios\Bus Stop Pole\BSNumTxt.sco
1385717301
1385717301
-1
Sceneryobjects\SMRTG Studios\LTA Road Sign\LTARSSM.sco
1330144295
1330144295
-1
Sceneryobjects\SMRTG Studios\Route Hints V3\arrow_busStop.sco
1381000008
1381000008
-1
Sceneryobjects\SMRTG Studios\Route Hints V3\arrow_leftA.sco
1381000007
1381000007
-1
Sceneryobjects\SMRTG Studios\Route Hints V3\arrow_rightA.sco
1381000005
1381000005
-1
Sceneryobjects\SMRTG Studios\Route Hints V3\arrow_upA.sco
1381000010
1381000010
-1
Sceneryobjects\SMRTG Studios\Smart Bus Stop V2\smrtg_sbsmrt.sco
1358389920
1358389920
-1
Sceneryobjects\SMRTG Studios\Tomlinson ITH\TL.sco
1330091532
1330091532
-1
Sceneryobjects\Streetobjects_MC\strlt_gwg_torte_1.sco
1361799451
1361799451
-1
Sceneryobjects\Streetobjects_RUE\neonlight_S_whip_S.sco
1361799457
1361799457
-1
Sceneryobjects\Streetobjects_RUE\single_pole.sco
1361799457
1361799457
-1
Sceneryobjects\Trees_MC\tree_medium_01.sco
1361799459
1361799459
-1
Sceneryobjects\Trees_MC\tree_medium_04.sco
1361799459
1361799459
-1
Sceneryobjects\woodlands_city_gg2\sport01.sco
1099910513
1099910513
-1
Sceneryobjects\woodlands_city_gg2\sport03.sco
1110943758
1110943758
-1
Splines\Addon_British-Style_Road_Markings\Bus_Stop_Solid_300.sli
1361799380
-
-
Splines\invis_street.sli
1368090194
-
-
Splines\Marcel\invis_human.sli
1361799393
-
-
Splines\Marcel\invis_street.sli
1361799393
-
-
Splines\Marcel\str_2spur_11m_SeeburgerStr1.sli
1361799393
-
-
Splines\Terrain Spline\12mTerrain_Spline.sli
1361799397
-
-
Splines\Terrain Spline\4mTerrain_Spline.sli
1361799397
-
-
Splines\Terrain Spline\50mTerrain_Spline.sli
1361799397
-
-
Splines\Yufa\bussteig004noppl.sli
1361799399
-
-
Sceneryobjects\SMRTG Studios\Bus Int Signboard\BIS TL.sco
1383859301
1383859301
-1
