Sceneryobjects\Buildings_MC\bw_70s_01B.sco
1361799403
1361799403
-1
Sceneryobjects\Buildings_MC\tank_2_bp.sco
1361799406
1361799406
-1
Sceneryobjects\Buildings_RUE\Haus01a.sco
1361799428
1361799428
-1
Sceneryobjects\Buildings_RUE\Haus01c.sco
1361799428
1361799428
-1
Sceneryobjects\Buildings_RUE\Haus02c.sco
1361799428
1361799428
-1
Sceneryobjects\Buildings_RUE\Haus03c.sco
1361799428
1361799428
-1
Sceneryobjects\Generic\bus_stop.sco
1361799431
1361799431
-1
Sceneryobjects\Generic\fireworks.sco
1361799431
1361799431
-1
Sceneryobjects\Generic\people_standing_small.sco
1361799431
1361799431
-1
Sceneryobjects\gg\bs02.sco
1110477058
1110477058
-1
Sceneryobjects\gg\Mcdonalds.sco
1112307725
1112307725
-1
Sceneryobjects\gg\phousing_0702.sco
1151598995
1151598995
-1
Sceneryobjects\gg\phousing_0901.sco
1099530088
1099530088
-1
Sceneryobjects\gg\RQ_X8_to_X11_Seeburger.sco
1152452648
1152452648
-1
Sceneryobjects\Ruede\forest_backdrop01.sco
1210215922
1210215922
-1
Sceneryobjects\Ruede\trees_chestnut01.sco
1210216180
1210216180
-1
Sceneryobjects\Ruede\trees_chestnut02.sco
1210215982
1210215982
-1
Sceneryobjects\Ruede\trees_chestnut03.sco
1210215982
1210215982
-1
Sceneryobjects\SMRTG Studios\Airbitat Bus Stop V2\smrtg_airbitat.sco
1358346459
1358346459
-1
Sceneryobjects\SMRTG Studios\Bus Stop Pole V4\BS Pole.sco
1363065549
1363065549
-1
Sceneryobjects\SMRTG Studios\Route Hints V3\arrow_busStop.sco
1381000008
1381000008
-1
Sceneryobjects\SMRTG Studios\Smart Bus Stop V2\smrtg_sbs.sco
1358389653
1358389653
-1
Sceneryobjects\Streetobjects_MC\rw_barrier_ft.sco
1361799451
1361799451
-1
Sceneryobjects\Streetobjects_RUE\neonlight_S_whip_S.sco
1361799457
1361799457
-1
Sceneryobjects\Streetobjects_RUE\neonlight_S_wood.sco
1361799457
1361799457
-1
Sceneryobjects\Trees_MC\shrubbery_03_20.sco
1361799459
1361799459
-1
Sceneryobjects\Trees_MC\shrubbery_04_20.sco
1361799459
1361799459
-1
Sceneryobjects\Trees_MC\tree_medium_01.sco
1361799459
1361799459
-1
Sceneryobjects\Trees_MC\tree_medium_02.sco
1361799459
1361799459
-1
Sceneryobjects\Trees_MC\tree_medium_03.sco
1361799459
1361799459
-1
Sceneryobjects\Trees_MC\tree_medium_04.sco
1361799459
1361799459
-1
Sceneryobjects\Trees_MC\tree_medium_05.sco
1361799459
1361799459
-1
Sceneryobjects\Trees_MC\tree_medium_07.sco
1361799459
1361799459
-1
Sceneryobjects\Trees_MC\tree_medium_08.sco
1361799459
1361799459
-1
Sceneryobjects\Trees_MC\Tree_Small_01.sco
1361799459
1361799459
-1
Sceneryobjects\Trees_MC\Tree_Small_02.sco
1361799459
1361799459
-1
Sceneryobjects\Trees_MC\Tree_Small_03.sco
1361799459
1361799459
-1
Sceneryobjects\Trees_MC\Tree_Small_05.sco
1361799459
1361799459
-1
Sceneryobjects\Trees_MC\Tree_Small_06.sco
1361799459
1361799459
-1
Sceneryobjects\Trees_MC\Tree_Small_07.sco
1361799460
1361799460
-1
Sceneryobjects\Trees_MC\Tree_Small_08.sco
1361799460
1361799460
-1
Sceneryobjects\Trees_MC\Tree_Small_09.sco
1361799460
1361799460
-1
Splines\ADDON_SimpleStreets\RQ_X_2spur_Altonaer_8m.sli
1047632925
-
-
Splines\Marcel\str_2spur_11m_SeeburgerStr1.sli
1361799393
-
-
