Sceneryobjects\Buildings_MC\bw_70s_01B.sco
1361799403
1361799403
-1
Sceneryobjects\Buildings_MC\bw_hoch_16.sco
1361799403
1361799403
-1
Sceneryobjects\Buildings_RUE\Haus02e.sco
1361799428
1361799428
-1
Sceneryobjects\gg\phousing_0001.sco
1112307773
1112307773
-1
Sceneryobjects\Ruede\trees_chestnut03.sco
1210215982
1210215982
-1
Sceneryobjects\Streetobjects_RUE\neonlight_S_whip_S.sco
1361799457
1361799457
-1
Sceneryobjects\Trees_MC\RHD_tree_large_04.sco
1361799459
1361799459
-1
Sceneryobjects\Trees_MC\tree_medium_04.sco
1361799459
1361799459
-1
Splines\Marcel\str_2spur_11m_SeeburgerStr1.sli
1361799393
-
-
