Sceneryobjects\gg\bs02.sco
1110477058
1110477058
-1
Sceneryobjects\gg\RQ_X8_to_X11_Seeburger.sco
1152452648
1152452648
-1
Sceneryobjects\Kreuz_MC\Einm_See.sco
1043313569
1043313569
-1
Sceneryobjects\SMRTG Studios\SMRTG Displays V3\For ITHs\Display Screen.sco
1315662780
1315662780
-1
Sceneryobjects\SMRTG Studios\SMRTG Displays V3\For ITHs\Display Screen2.sco
1315662784
1315662784
-1
Sceneryobjects\SMRTG Studios\West Terra ITH\Berth_P.sco
1298108536
1298108536
-1
Sceneryobjects\SMRTG Studios\West Terra ITH\WTITH.sco
1382789920
1382789920
-1
Sceneryobjects\Trees_MC\tree_medium_06.sco
1361799459
1361799459
-1
Sceneryobjects\Trees_MC\tree_medium_08.sco
1361799459
1361799459
-1
Splines\Addon_British-Style_Road_Markings\Zebra_Stripe_White.sli
1361799380
-
-
Splines\Marcel\invis_human.sli
1361799393
-
-
Splines\Marcel\str_2spur_11m_SeeburgerStr1.sli
1361799393
-
-
Splines\Ruede\DDR_Zaun_01.sli
1230788274
-
-
Splines\Terrain Spline\12mTerrain_Spline.sli
1361799397
-
-
Splines\Terrain Spline\4mTerrain_Spline.sli
1361799397
-
-
Splines\Yufa\bussteig004.sli
1077388413
-
-
Splines\Yufa\bussteig004noppl.sli
1361799399
-
-
