Sceneryobjects\Addon_LED_Ampeln\Ampel_Kfz_Oh_1.sco
1131645519
1131645519
-1
Sceneryobjects\Buildings_DF\Traffic_lights\whip_beam.sco
1155991120
1155991120
-1
Sceneryobjects\Buildings_MC\bw_hoch_21C.sco
1361799403
1361799403
-1
Sceneryobjects\gg\RQ_X8_to_X11_Seeburger.sco
1152452648
1152452648
-1
Sceneryobjects\Kreuz_MC\Einm_See.sco
1043313569
1043313569
-1
Sceneryobjects\Kreuz_MC\Wende_Borkumer_R.sco
1043314141
1043314141
-1
Sceneryobjects\Streetobjects_RUE\neonlight_S_whip_S.sco
1361799457
1361799457
-1
Sceneryobjects\Streetobjects_RUE\single_pole.sco
1361799457
1361799457
-1
Sceneryobjects\Trees_MC\RHD_tree_large_01.sco
1361799459
1361799459
-1
Sceneryobjects\Trees_MC\RHD_tree_large_04.sco
1361799459
1361799459
-1
Splines\Marcel\str_2spur_11m_SeeburgerStr1.sli
1361799393
-
-
