Sceneryobjects\Buildings_MC\bw_supermarkt_1.sco
1361799405
1361799405
-1
Sceneryobjects\gg\phousing_0702.sco
1151598995
1151598995
-1
Sceneryobjects\gg\school1.sco
1114077205
1114077205
-1
Sceneryobjects\Ruede\forest_backdrop01.sco
1210215922
1210215922
-1
Sceneryobjects\Ruede\trees_chestnut01.sco
1210216180
1210216180
-1
Sceneryobjects\Trees_MC\tree_medium_02.sco
1361799459
1361799459
-1
Sceneryobjects\Trees_MC\tree_medium_06.sco
1361799459
1361799459
-1
Sceneryobjects\woodlands_city_gg2\sport03.sco
1110943758
1110943758
-1
