Sceneryobjects\Addon_LED_Ampeln\Ampel_Kfz_Oh_1.sco
1131645519
1131645519
-1
Sceneryobjects\Buildings_DF\Traffic_lights\whip_beam.sco
1155991120
1155991120
-1
Sceneryobjects\Buildings_RUE\Haus02c.sco
1361799428
1361799428
-1
Sceneryobjects\Buildings_RUE\Haus03a.sco
1361799428
1361799428
-1
Sceneryobjects\Generic\bus_stop.sco
1361799431
1361799431
-1
Sceneryobjects\Generic\people_standing_small.sco
1361799431
1361799431
-1
Sceneryobjects\Generic\sound_cock.sco
1361799432
1361799432
-1
Sceneryobjects\gg\bs01.sco
1110477050
1110477050
-1
Sceneryobjects\gg\eastern.sco
1150459649
1150459649
-1
Sceneryobjects\gg\phousing_0001.sco
1112307773
1112307773
-1
Sceneryobjects\gg\phousing_0401.sco
1112644106
1112644106
-1
Sceneryobjects\gg\phousing_1101.sco
1110743880
1110743880
-1
Sceneryobjects\gg\RQ_X8_to_X11_Seeburger.sco
1152452648
1152452648
-1
Sceneryobjects\HVLS Fans_RIS\HVLS Fans.sco
1253686350
1253686350
-1
Sceneryobjects\Kreuz_MC\Einm_See.sco
1043313569
1043313569
-1
Sceneryobjects\Kreuz_MC\Kreuz_See_Elsflether.sco
1043314099
1043314099
-1
Sceneryobjects\Road-hog123\Addon_British-Style_Road_Markings\Arrow_Right.sco
1219537109
1219537109
-1
Sceneryobjects\Road-hog123\Addon_British-Style_Road_Markings\Slow.sco
1221034958
1221034958
-1
Sceneryobjects\Ruede\trees_chestnut03.sco
1210215982
1210215982
-1
Sceneryobjects\SMRT Logo\SMRT Logo_Mini.sco
1289379619
1289379619
-1
Sceneryobjects\SMRTG Studios\Bus Stop Pole V4\BS Pole.sco
1363065549
1363065549
-1
Sceneryobjects\SMRTG Studios\Hillgrove Bus Int\Berth_P.sco
1298108536
1298108536
-1
Sceneryobjects\SMRTG Studios\Route Hints V3\arrow_busStop.sco
1381000008
1381000008
-1
Sceneryobjects\SMRTG Studios\Route Hints V3\arrow_leftA.sco
1381000007
1381000007
-1
Sceneryobjects\SMRTG Studios\Route Hints V3\arrow_rightA.sco
1381000005
1381000005
-1
Sceneryobjects\SMRTG Studios\Route Hints V3\arrow_upA.sco
1381000010
1381000010
-1
Sceneryobjects\SMRTG Studios\Smart Bus Stop V2\smrtg_sbs.sco
1358389653
1358389653
-1
Sceneryobjects\SMRTG Studios\Smart Bus Stop V2\smrtg_sbsmrt.sco
1358389920
1358389920
-1
Sceneryobjects\SMRTG Studios\SMRTG Displays V3 Departures\Hillgrove Int\Display Screen.sco
1315352124
1315352124
-1
Sceneryobjects\SMRTG Studios\SMRTG Displays V3 Departures\Hillgrove Int\Display ScreenText.sco
1315352131
1315352131
-1
Sceneryobjects\SMRTG Studios\Virtual City MRT Shaft\Hillgrove\HGMRT.sco
1326998722
1326998722
-1
Sceneryobjects\Streetobjects_MC\strlt_gwg_70s_1.sco
1361799451
1361799451
-1
Sceneryobjects\Streetobjects_MC\strlt_gwg_torte_1.sco
1361799451
1361799451
-1
Sceneryobjects\Streetobjects_RUE\neonlight_S_whip_S.sco
1361799457
1361799457
-1
Sceneryobjects\Streetobjects_RUE\single_pole.sco
1361799457
1361799457
-1
Sceneryobjects\Trees_MC\tree_medium_04.sco
1361799459
1361799459
-1
Splines\Addon_British-Style_Road_Markings\Bus_Stop_Solid_300.sli
1361799380
-
-
Splines\Addon_British-Style_Road_Markings\Zebra_Stripe_White.sli
1361799380
-
-
Splines\ADDON_SimpleStreets\RQ_X_2spur_Altonaer_8m.sli
1047632925
-
-
Splines\Marcel\invis_human.sli
1361799393
-
-
Splines\Marcel\invis_street.sli
1361799393
-
-
Splines\Marcel\str_2spur_11m_SeeburgerStr1.sli
1361799393
-
-
Splines\Ruede\DDR_Zaun_01.sli
1230788274
-
-
Splines\Terrain Spline\Terrain Spline\Terrain Spline_Other textures\Terrain-Spline_Origin_Gras\10mTerrain_Spline_Origin_Gras.sli
1157972653
-
-
Splines\Yufa\bussteig004noppl.sli
1361799399
-
-
