Sceneryobjects\Buildings_MC\bw_hoch_10.sco
1361799403
1361799403
-1
Sceneryobjects\Buildings_MC\bw_hoch_20.sco
1361799403
1361799403
-1
Sceneryobjects\Generic\bus_stop.sco
1361799431
1361799431
-1
Sceneryobjects\Generic\people_standing_small.sco
1361799431
1361799431
-1
Sceneryobjects\SMRTG Studios\Bus Stop Pole\BS Pole.sco
1294768156
1294768156
-1
Sceneryobjects\SMRTG Studios\Bus Stop Pole\BSNumTxt.sco
1294840491
1294840491
-1
Sceneryobjects\SMRTG Studios\Bus Stop Pole\LocTxt.sco
1295145827
1295145827
-1
Sceneryobjects\SMRTG Studios\Bus Stop Pole\SvcNumTxt.sco
1294842555
1294842555
-1
Sceneryobjects\SMRTG Studios\Smart Bus Stop\Universal LTA\smrtg_sbsmrt.sco
1329773046
1329773046
-1
Sceneryobjects\SMRTG Studios\Virtual City MRT Shaft\Townsville\TWNMRT.sco
1327134380
1327134380
-1
Sceneryobjects\Streetobjects_RUE\neonlight_M_whip_S.sco
1361799457
1361799457
-1
Sceneryobjects\Trees_MC\tree_medium_02.sco
1361799459
1361799459
-1
Sceneryobjects\Trees_MC\tree_medium_04.sco
1361799459
1361799459
-1
Splines\Marcel\str_2spur_11m_SeeburgerStr1.sli
1361799393
-
-
Sceneryobjects\gg\bs02.sco
1110477058
1110477058
-1
Sceneryobjects\gg\RQ_X8_to_X11_Seeburger.sco
1152452648
1152452648
-1
Sceneryobjects\SMRTG Studios\Bus Stop Pole V3-New\BS Pole.sco
1352968900
1352968900
-1
Sceneryobjects\SMRTG Studios\Smart Bus Stop V2\smrtg_sbsmrt.sco
1358389920
1358389920
-1
