Sceneryobjects\Buildings_MC\bw_hoch_14.sco
1361799403
1361799403
-1
Sceneryobjects\Generic\bus_stop.sco
1361799431
1361799431
-1
Sceneryobjects\Generic\people_standing_small.sco
1361799431
1361799431
-1
Sceneryobjects\Kreuz_MC\Einm_See.sco
1043313569
1043313569
-1
Sceneryobjects\Ruede\trees_chestnut03.sco
1210215982
1210215982
-1
Sceneryobjects\SMRTG Studios\Proposed Board\ProposedBoard.sco
1322297400
1322297400
-1
Sceneryobjects\SMRTG Studios\Route Hints V2\arrow_berth.sco
1358326941
1358326941
-1
Sceneryobjects\SMRTG Studios\Route Hints V3\arrow_leftA.sco
1381000007
1381000007
-1
Sceneryobjects\SMRTG Studios\Route Hints V3\arrow_rightA.sco
1381000005
1381000005
-1
Sceneryobjects\SMRTG Studios\SMRTG Displays V3\Display ScreenText.sco
1301808947
1301808947
-1
Sceneryobjects\SMRTG Studios\SMRTG Displays V3\For ITHs\Display Screen.sco
1315662780
1315662780
-1
Sceneryobjects\SMRTG Studios\SMRTG Displays V3\For ITHs\Display Screen2.sco
1315662784
1315662784
-1
Sceneryobjects\SMRTG Studios\Tomlinson ITH\Berth_P.sco
1330146269
1330146269
-1
Sceneryobjects\Streetobjects_MC\strlt_gwg_torte_1.sco
1361799451
1361799451
-1
Sceneryobjects\Streetobjects_RUE\neonlight_S_whip_S.sco
1361799457
1361799457
-1
Splines\Addon_British-Style_Road_Markings\Bus_Stop_Solid_300.sli
1361799380
-
-
Splines\Marcel\invis_human.sli
1361799393
-
-
Splines\Marcel\invis_street.sli
1361799393
-
-
Splines\Marcel\str_2spur_11m_SeeburgerStr1.sli
1361799393
-
-
Splines\Terrain Spline\50mTerrain_Spline.sli
1361799397
-
-
Splines\Yufa\bussteig004noppl.sli
1361799399
-
-
