Sceneryobjects\gg\phousing_0901.sco
1099530088
1099530088
-1
Sceneryobjects\gg\school1.sco
1114077205
1114077205
-1
Sceneryobjects\Ruede\forest_backdrop01.sco
1210215922
1210215922
-1
Sceneryobjects\Streetobjects_RUE\neonlight_S_whip_S.sco
1361799457
1361799457
-1
Sceneryobjects\Trees_MC\RHD_tree_large_03.sco
1361799459
1361799459
-1
Sceneryobjects\Trees_MC\RHD_tree_large_04.sco
1361799459
1361799459
-1
Sceneryobjects\Trees_MC\tree_large_02.sco
1361799459
1361799459
-1
Splines\Marcel\str_2spur_11m_SeeburgerStr1.sli
1361799393
-
-
