Sceneryobjects\Addon_LED_Ampeln\Ampel_Kfz_Oh_1.sco
1131645519
1131645519
-1
Sceneryobjects\Addon_LED_Ampeln\Ampel_KfzL_Oh_1.sco
1131645513
1131645513
-1
Sceneryobjects\Buildings_DF\Traffic_lights\whip_beam.sco
1155991120
1155991120
-1
Sceneryobjects\Generic\bus_stop.sco
1361799431
1361799431
-1
Sceneryobjects\Generic\entrypoint_bus.sco
1361799431
1361799431
-1
Sceneryobjects\gg\bs01.sco
1110477050
1110477050
-1
Sceneryobjects\gg\highway_wall3.sco
1112307579
1112307579
-1
Sceneryobjects\gg\RQ_X8_to_X11_Seeburger.sco
1152452648
1152452648
-1
Sceneryobjects\Kreuz_MC\Einm_See.sco
1043313569
1043313569
-1
Sceneryobjects\SMRTG Studios\Airbitat Bus Stop V2\smrtg_airbitat.sco
1358346459
1358346459
-1
Sceneryobjects\SMRTG Studios\Bus Stop Pole V3-New\BS Pole.sco
1352968900
1352968900
-1
Sceneryobjects\SMRTG Studios\Normanton Bus Depot\Bus Wash Shed.sco
1321900637
1321900637
-1
Sceneryobjects\SMRTG Studios\Normanton Bus Depot\DepotWall.sco
1350528770
1350528770
-1
Sceneryobjects\SMRTG Studios\Normanton Bus Depot\Refuelling Tank.sco
1314218852
1314218852
-1
Sceneryobjects\SMRTG Studios\Route Hints V2\arrow_rightB.sco
1358527219
1358527219
-1
Sceneryobjects\SMRTG Studios\Route Hints V2\arrow_upA.sco
1358527216
1358527216
-1
Sceneryobjects\SMRTG Studios\Route Hints V3\arrow_rightA.sco
1381000005
1381000005
-1
Sceneryobjects\Streetobjects_RUE\neonlight_S_whip_S.sco
1361799457
1361799457
-1
Sceneryobjects\Streetobjects_RUE\single_pole.sco
1361799457
1361799457
-1
Sceneryobjects\Trees_MC\tree_medium_06.sco
1361799459
1361799459
-1
Sceneryobjects\Trees_MC\tree_medium_09.sco
1361799459
1361799459
-1
Splines\Addon_British-Style_Road_Markings\Bus_Stop_Solid_300.sli
1361799380
-
-
Splines\Marcel\str_2spur_11m_SeeburgerStr1.sli
1361799393
-
-
Splines\Terrain Spline\20mTerrain_Spline.sli
1361799397
-
-
Splines\Terrain Spline\50mTerrain_Spline LIGHT.sli
1314628941
-
-
Splines\Yufa\bussteig004noppl.sli
1361799399
-
-
