Sceneryobjects\Addon_LED_Ampeln\Ampel_Kfz_Oh_1.sco
1131645519
1131645519
-1
Sceneryobjects\Buildings_DF\Traffic_lights\whip_beam.sco
1155991120
1155991120
-1
Sceneryobjects\Buildings_MC\bw_hoch_14.sco
1361799403
1361799403
-1
Sceneryobjects\gg\phousing_0001.sco
1112307773
1112307773
-1
Sceneryobjects\gg\phousing_0901.sco
1099530088
1099530088
-1
Sceneryobjects\gg\phousing_1101.sco
1110743880
1110743880
-1
Sceneryobjects\Kreuz_MC\Kreuz_See_Elsflether.sco
1043314099
1043314099
-1
Sceneryobjects\Ruede\forest_backdrop01.sco
1210215922
1210215922
-1
Sceneryobjects\Ruede\trees_chestnut03.sco
1210215982
1210215982
-1
Sceneryobjects\SMRTG Studios\LTA Road Sign\LTARSSM.sco
1330144295
1330144295
-1
Sceneryobjects\SMRTG Studios\Route Hints V3\arrow_rightA.sco
1381000005
1381000005
-1
Sceneryobjects\SMRTG Studios\Route Hints V3\arrow_upA.sco
1381000010
1381000010
-1
Sceneryobjects\Streetobjects_RUE\neonlight_S_whip_S.sco
1361799457
1361799457
-1
Sceneryobjects\Streetobjects_RUE\single_pole.sco
1361799457
1361799457
-1
Sceneryobjects\Trees_MC\Buttercup_01.sco
1361799459
1361799459
-1
Sceneryobjects\Trees_MC\Foxglove_01.sco
1361799459
1361799459
-1
Sceneryobjects\Trees_MC\Poppies_01.sco
1361799459
1361799459
-1
Sceneryobjects\Trees_MC\RHD_tree_large_01.sco
1361799459
1361799459
-1
Sceneryobjects\Trees_MC\RHD_tree_large_03.sco
1361799459
1361799459
-1
Sceneryobjects\Trees_MC\RHD_tree_large_05.sco
1361799459
1361799459
-1
Sceneryobjects\Trees_MC\Sunflowers_01.sco
1361799459
1361799459
-1
Sceneryobjects\Trees_MC\tree_avenue_02.sco
1361799459
1361799459
-1
Sceneryobjects\Trees_MC\tree_large_01.sco
1361799459
1361799459
-1
Sceneryobjects\Trees_MC\tree_medium_01.sco
1361799459
1361799459
-1
Sceneryobjects\Trees_MC\tree_medium_02.sco
1361799459
1361799459
-1
Sceneryobjects\Trees_MC\tree_medium_04.sco
1361799459
1361799459
-1
Splines\ADDON_SimpleStreets\RQ_X_2spur_Altonaer_8m.sli
1047632925
-
-
Splines\Marcel\str_2spur_11m_SeeburgerStr1.sli
1361799393
-
-
