Sceneryobjects\Buildings_DF\Traffic_lights\whip_beam.sco
1155991120
1155991120
-1
Sceneryobjects\Buildings_RUE\Haus01a.sco
1361799428
1361799428
-1
Sceneryobjects\Buildings_RUE\Haus01b.sco
1361799428
1361799428
-1
Sceneryobjects\Buildings_RUE\Haus01c.sco
1361799428
1361799428
-1
Sceneryobjects\Buildings_RUE\Haus01c2.sco
1361799428
1361799428
-1
Sceneryobjects\Buildings_RUE\Haus01e.sco
1361799428
1361799428
-1
Sceneryobjects\Buildings_RUE\Haus02e.sco
1361799428
1361799428
-1
Sceneryobjects\Buildings_RUE\Haus03a.sco
1361799428
1361799428
-1
Sceneryobjects\Buildings_RUE\Haus03b.sco
1361799428
1361799428
-1
Sceneryobjects\Buildings_RUE\Haus03c.sco
1361799428
1361799428
-1
Sceneryobjects\Buildings_RUE\Haus03c2.sco
1361799428
1361799428
-1
Sceneryobjects\Buildings_RUE\Haus03e.sco
1361799428
1361799428
-1
Sceneryobjects\Daytonford\RQ_10,5_to_15,5_Start.sco
1047956713
1047956713
-1
Sceneryobjects\Daytonford\RQ_20n_Busstop001.sco
1361799017
1361799017
-1
Sceneryobjects\Daytonford\RQ_20n_to_10,5.sco
1361799017
1361799017
-1
Sceneryobjects\Daytonford\RQ_20n_w9,5_SideWide_Junct_A.sco
1361799017
1361799017
-1
Sceneryobjects\Daytonford\RQ_9,5_to_10,5.sco
1361799018
1361799018
-1
Sceneryobjects\Generic\bus_stop.sco
1361799431
1361799431
-1
Sceneryobjects\Generic\fireworks.sco
1361799431
1361799431
-1
Sceneryobjects\Generic\people_standing_small.sco
1361799431
1361799431
-1
Sceneryobjects\gg\Mcdonalds.sco
1112307725
1112307725
-1
Sceneryobjects\Helferlein_Objekte\Buegel2f.sco
1388142013
1388142013
-1
Sceneryobjects\Helferlein_Objekte\Buegel3f.sco
1388142013
1388142013
-1
Sceneryobjects\Helferlein_Objekte\SG_2f_FG.sco
1388142013
1388142013
-1
Sceneryobjects\Helferlein_Objekte\SG_3f_Kfz.sco
1388142013
1388142013
-1
Sceneryobjects\Ruede\trees_chestnut01.sco
1210216180
1210216180
-1
Sceneryobjects\Ruede\trees_chestnut02.sco
1210215982
1210215982
-1
Sceneryobjects\Ruede\trees_chestnut03.sco
1210215982
1210215982
-1
Sceneryobjects\SMRTG Studios\Airbitat Bus Stop V2\smrtg_airbitat.sco
1358346459
1358346459
-1
Sceneryobjects\SMRTG Studios\Bus Int Signboard\BIS HA.sco
1383899580
1383899580
-1
Sceneryobjects\SMRTG Studios\Bus Stop Pole\SvcNumTxt.sco
1294842555
1294842555
-1
Sceneryobjects\SMRTG Studios\LTA Road Sign\LTARSSM.sco
1330144295
1330144295
-1
Sceneryobjects\SMRTG Studios\Route Hints V3\arrow_busStop.sco
1381000008
1381000008
-1
Sceneryobjects\SMV Studios\Bus Stop Pole V5\BS Pole.sco
1391175685
1391175685
-1
Sceneryobjects\SMV Studios\Route Hints V4\arrow_leftA.sco
1392487836
1392487836
-1
Sceneryobjects\SMV Studios\Route Hints V4\arrow_rightA.sco
1392487826
1392487826
-1
Sceneryobjects\SMV Studios\Route Hints V4\arrow_upA.sco
1392487831
1392487831
-1
Sceneryobjects\Streetobjects_RUE\neonlight_S_break_S.sco
1361799457
1361799457
-1
Sceneryobjects\Streetobjects_RUE\neonlight_S_whip_S.sco
1361799457
1361799457
-1
Sceneryobjects\Streetobjects_RUE\single_pole.sco
1361799457
1361799457
-1
Sceneryobjects\Trees_MC\shrubbery_03_20.sco
1361799459
1361799459
-1
Sceneryobjects\Trees_MC\shrubbery_04_20.sco
1361799459
1361799459
-1
Sceneryobjects\Trees_MC\tree_medium_01.sco
1361799459
1361799459
-1
Sceneryobjects\Trees_MC\tree_medium_02.sco
1361799459
1361799459
-1
Sceneryobjects\Trees_MC\tree_medium_03.sco
1361799459
1361799459
-1
Sceneryobjects\Trees_MC\tree_medium_04.sco
1361799459
1361799459
-1
Sceneryobjects\Trees_MC\tree_medium_05.sco
1361799459
1361799459
-1
Sceneryobjects\Trees_MC\tree_medium_06.sco
1361799459
1361799459
-1
Sceneryobjects\Trees_MC\tree_medium_07.sco
1361799459
1361799459
-1
Sceneryobjects\Trees_MC\tree_medium_08.sco
1361799459
1361799459
-1
Sceneryobjects\Trees_MC\tree_medium_09.sco
1361799459
1361799459
-1
Sceneryobjects\Trees_MC\Tree_Small_03.sco
1361799459
1361799459
-1
Sceneryobjects\Trees_MC\Tree_Small_08.sco
1361799460
1361799460
-1
Splines\Daytonford\RQ_15,5_2spur_11,5m_Sidewalk.sli
1047630645
-
-
Splines\Daytonford\RQ_20_4_spur_15m_narrow_Sidewalk.sli
1361798682
-
-
Splines\Daytonford\RQ_9,5_2spur_6,5m_Sidewalk.sli
1361798682
-
-
Splines\invis_street.sli
1368090194
-
-
