Sceneryobjects\Buildings_DF\Traffic_lights\whip_beam.sco
1155991120
1155991120
-1
Sceneryobjects\Buildings_RUE\Haus03a.sco
1361799428
1361799428
-1
Sceneryobjects\Buildings_RUE\Haus03b.sco
1361799428
1361799428
-1
Sceneryobjects\Generic\bus_stop.sco
1361799431
1361799431
-1
Sceneryobjects\gg\phousing_0702.sco
1151598995
1151598995
-1
Sceneryobjects\Helferlein_Objekte\Buegel2f.sco
1388142013
1388142013
-1
Sceneryobjects\Helferlein_Objekte\Buegel3f.sco
1388142013
1388142013
-1
Sceneryobjects\Helferlein_Objekte\SG_2f_FG.sco
1388142013
1388142013
-1
Sceneryobjects\Helferlein_Objekte\SG_3f_Kfz.sco
1388142013
1388142013
-1
Sceneryobjects\Ruede\forest_backdrop01.sco
1210215922
1210215922
-1
Sceneryobjects\SMRTG Studios\Airbitat Bus Stop V2\smrtg_airbitat.sco
1358346459
1358346459
-1
Sceneryobjects\SMRTG Studios\Route Hints V3\arrow_busStop.sco
1381000008
1381000008
-1
Sceneryobjects\SMV Studios\Bus Stop Pole V5\BS Pole.sco
1391175685
1391175685
-1
Sceneryobjects\SMV Studios\Route Hints V4\arrow_upA.sco
1392487831
1392487831
-1
Sceneryobjects\Streetobjects_RUE\neonlight_S_whip_S.sco
1361799457
1361799457
-1
Sceneryobjects\Streetobjects_RUE\single_pole.sco
1361799457
1361799457
-1
Sceneryobjects\Trees_MC\tree_medium_02.sco
1361799459
1361799459
-1
Sceneryobjects\Trees_MC\tree_medium_03.sco
1361799459
1361799459
-1
Sceneryobjects\Trees_MC\tree_medium_07.sco
1361799459
1361799459
-1
Splines\Daytonford\RQ_15,5_2spur_11,5m_Sidewalk.sli
1047630645
-
-
