Sceneryobjects\Buildings_DF\Traffic_lights\whip_beam.sco
1155991120
1155991120
-1
Sceneryobjects\Buildings_MC\bw_hoch_16.sco
1361799403
1361799403
-1
Sceneryobjects\Daytonford\RQ_20n_Busstop001.sco
1361799017
1361799017
-1
Sceneryobjects\Daytonford\RQ_20n_to_10,5.sco
1361799017
1361799017
-1
Sceneryobjects\Daytonford\RQ_20n_to_28.sco
1361799017
1361799017
-1
Sceneryobjects\Daytonford\RQ_20n_w9,5_SideWide_Junct_A.sco
1361799017
1361799017
-1
Sceneryobjects\Generic\bus_stop.sco
1361799431
1361799431
-1
Sceneryobjects\Generic\entrypoint_bus.sco
1361799431
1361799431
-1
Sceneryobjects\Helferlein_Objekte\Buegel2f.sco
1388142013
1388142013
-1
Sceneryobjects\Helferlein_Objekte\Buegel3f.sco
1388142013
1388142013
-1
Sceneryobjects\Helferlein_Objekte\SG_2f_FG.sco
1388142013
1388142013
-1
Sceneryobjects\Helferlein_Objekte\SG_3f_Kfz.sco
1388142013
1388142013
-1
Sceneryobjects\Ruede\trees_chestnut03.sco
1210215982
1210215982
-1
Sceneryobjects\SMV Studios\Route Hints V4\arrow_leftA.sco
1392487836
1392487836
-1
Sceneryobjects\SMV Studios\Route Hints V4\arrow_upA.sco
1392487831
1392487831
-1
Sceneryobjects\Streetobjects_RUE\neonlight_S_whip_S.sco
1361799457
1361799457
-1
Sceneryobjects\Streetobjects_RUE\single_pole.sco
1361799457
1361799457
-1
Sceneryobjects\Trees_MC\tree_medium_06.sco
1361799459
1361799459
-1
Splines\Addon_British-Style_Road_Markings\Bus_Stop_Solid_300.sli
1361799380
-
-
Splines\Daytonford\RQ_20_4_spur_15m_narrow_Sidewalk.sli
1361798682
-
-
Splines\Daytonford\RQ_28_Bridge.sli
1049476268
-
-
Splines\Marcel\invis_street.sli
1361799393
-
-
Splines\Ruede\DDR_Zaun_01.sli
1230788274
-
-
Splines\Terrain Spline\12mTerrain_SplineDARK.sli
1394774799
-
-
Splines\Yufa\bussteig004noppl.sli
1361799399
-
-
